2025-05-04T16:39:16.700+05:30  INFO 13552 --- [currency-service] [restartedMain] [                                                 ] c.s.c.CurrencyServiceApplication         : Starting CurrencyServiceApplication using Java 21.0.6 with PID 13552 (D:\springBootMicroServicesExamples\currency-service\target\classes started by HOME in D:\springBootMicroServicesExamples\currency-service)
2025-05-04T16:39:16.716+05:30  INFO 13552 --- [currency-service] [restartedMain] [                                                 ] c.s.c.CurrencyServiceApplication         : The following 1 profile is active: "dev"
2025-05-04T16:39:16.974+05:30  INFO 13552 --- [currency-service] [restartedMain] [                                                 ] o.s.c.c.c.ConfigServerConfigDataLoader   : Fetching config from server at : http://localhost:8888
2025-05-04T16:39:16.975+05:30  INFO 13552 --- [currency-service] [restartedMain] [                                                 ] o.s.c.c.c.ConfigServerConfigDataLoader   : Exception on Url - http://localhost:8888:org.springframework.web.client.ResourceAccessException: I/O error on GET request for "http://localhost:8888/currency-service/default": Connection refused: getsockopt. Will be trying the next url if available
2025-05-04T16:39:16.976+05:30  WARN 13552 --- [currency-service] [restartedMain] [                                                 ] o.s.c.c.c.ConfigServerConfigDataLoader   : Could not locate PropertySource ([ConfigServerConfigDataResource@6b6016fa uris = array<String>['http://localhost:8888'], optional = true, profiles = 'default']): I/O error on GET request for "http://localhost:8888/currency-service/default": Connection refused: getsockopt
2025-05-04T16:39:16.977+05:30  INFO 13552 --- [currency-service] [restartedMain] [                                                 ] o.s.c.c.c.ConfigServerConfigDataLoader   : Fetching config from server at : http://localhost:8888
2025-05-04T16:39:16.979+05:30  INFO 13552 --- [currency-service] [restartedMain] [                                                 ] o.s.c.c.c.ConfigServerConfigDataLoader   : Exception on Url - http://localhost:8888:org.springframework.web.client.ResourceAccessException: I/O error on GET request for "http://localhost:8888/currency-service/dev": Connection refused: getsockopt. Will be trying the next url if available
2025-05-04T16:39:16.980+05:30  WARN 13552 --- [currency-service] [restartedMain] [                                                 ] o.s.c.c.c.ConfigServerConfigDataLoader   : Could not locate PropertySource ([ConfigServerConfigDataResource@12e91ea8 uris = array<String>['http://localhost:8888'], optional = true, profiles = 'dev']): I/O error on GET request for "http://localhost:8888/currency-service/dev": Connection refused: getsockopt
2025-05-04T16:39:16.982+05:30  INFO 13552 --- [currency-service] [restartedMain] [                                                 ] o.s.c.c.c.ConfigServerConfigDataLoader   : Fetching config from server at : http://localhost:8888
2025-05-04T16:39:16.983+05:30  INFO 13552 --- [currency-service] [restartedMain] [                                                 ] o.s.c.c.c.ConfigServerConfigDataLoader   : Exception on Url - http://localhost:8888:org.springframework.web.client.ResourceAccessException: I/O error on GET request for "http://localhost:8888/currency-service/default": Connection refused: getsockopt. Will be trying the next url if available
2025-05-04T16:39:16.985+05:30  WARN 13552 --- [currency-service] [restartedMain] [                                                 ] o.s.c.c.c.ConfigServerConfigDataLoader   : Could not locate PropertySource ([ConfigServerConfigDataResource@48d0ec29 uris = array<String>['http://localhost:8888'], optional = true, profiles = 'default']): I/O error on GET request for "http://localhost:8888/currency-service/default": Connection refused: getsockopt
2025-05-04T16:39:16.992+05:30  INFO 13552 --- [currency-service] [restartedMain] [                                                 ] .e.DevToolsPropertyDefaultsPostProcessor : Devtools property defaults active! Set 'spring.devtools.add-properties' to 'false' to disable
2025-05-04T16:39:16.992+05:30  INFO 13552 --- [currency-service] [restartedMain] [                                                 ] .e.DevToolsPropertyDefaultsPostProcessor : For additional web related logging consider setting the 'logging.level.web' property to 'DEBUG'
2025-05-04T16:39:21.525+05:30  INFO 13552 --- [currency-service] [restartedMain] [                                                 ] .s.d.r.c.RepositoryConfigurationDelegate : Bootstrapping Spring Data JPA repositories in DEFAULT mode.
2025-05-04T16:39:21.940+05:30  INFO 13552 --- [currency-service] [restartedMain] [                                                 ] .s.d.r.c.RepositoryConfigurationDelegate : Finished Spring Data repository scanning in 387 ms. Found 1 JPA repository interface.
2025-05-04T16:39:22.973+05:30  INFO 13552 --- [currency-service] [restartedMain] [                                                 ] o.s.cloud.context.scope.GenericScope     : BeanFactory id=d53229c0-6aec-38fd-ab35-2dc56ceb6866
2025-05-04T16:39:24.741+05:30  INFO 13552 --- [currency-service] [restartedMain] [                                                 ] o.s.b.w.embedded.tomcat.TomcatWebServer  : Tomcat initialized with port 1235 (http)
2025-05-04T16:39:24.758+05:30  INFO 13552 --- [currency-service] [restartedMain] [                                                 ] o.apache.catalina.core.StandardService   : Starting service [Tomcat]
2025-05-04T16:39:24.759+05:30  INFO 13552 --- [currency-service] [restartedMain] [                                                 ] o.apache.catalina.core.StandardEngine    : Starting Servlet engine: [Apache Tomcat/10.1.39]
2025-05-04T16:39:24.845+05:30  INFO 13552 --- [currency-service] [restartedMain] [                                                 ] o.a.c.c.C.[Tomcat].[localhost].[/]       : Initializing Spring embedded WebApplicationContext
2025-05-04T16:39:24.845+05:30  INFO 13552 --- [currency-service] [restartedMain] [                                                 ] w.s.c.ServletWebServerApplicationContext : Root WebApplicationContext: initialization completed in 7852 ms
2025-05-04T16:39:26.122+05:30  INFO 13552 --- [currency-service] [restartedMain] [                                                 ] com.zaxxer.hikari.HikariDataSource       : HikariPool-1 - Starting...
2025-05-04T16:39:26.352+05:30  INFO 13552 --- [currency-service] [restartedMain] [                                                 ] com.zaxxer.hikari.pool.HikariPool        : HikariPool-1 - Added connection conn0: url=jdbc:h2:mem:ff9c0a30-d491-4b49-9274-0cd42fd5e4b3 user=SA
2025-05-04T16:39:26.354+05:30  INFO 13552 --- [currency-service] [restartedMain] [                                                 ] com.zaxxer.hikari.HikariDataSource       : HikariPool-1 - Start completed.
2025-05-04T16:39:26.412+05:30  INFO 13552 --- [currency-service] [restartedMain] [                                                 ] o.hibernate.jpa.internal.util.LogHelper  : HHH000204: Processing PersistenceUnitInfo [name: default]
2025-05-04T16:39:26.484+05:30  INFO 13552 --- [currency-service] [restartedMain] [                                                 ] org.hibernate.Version                    : HHH000412: Hibernate ORM core version 6.6.11.Final
2025-05-04T16:39:26.534+05:30  INFO 13552 --- [currency-service] [restartedMain] [                                                 ] o.h.c.internal.RegionFactoryInitiator    : HHH000026: Second-level cache disabled
2025-05-04T16:39:26.930+05:30  INFO 13552 --- [currency-service] [restartedMain] [                                                 ] o.s.o.j.p.SpringPersistenceUnitInfo      : No LoadTimeWeaver setup: ignoring JPA class transformer
2025-05-04T16:39:27.026+05:30  INFO 13552 --- [currency-service] [restartedMain] [                                                 ] org.hibernate.orm.connections.pooling    : HHH10001005: Database info:
	Database JDBC URL [Connecting through datasource 'HikariDataSource (HikariPool-1)']
	Database driver: undefined/unknown
	Database version: 2.3.232
	Autocommit mode: undefined/unknown
	Isolation level: undefined/unknown
	Minimum pool size: undefined/unknown
	Maximum pool size: undefined/unknown
2025-05-04T16:39:28.095+05:30  INFO 13552 --- [currency-service] [restartedMain] [                                                 ] o.h.e.t.j.p.i.JtaPlatformInitiator       : HHH000489: No JTA platform available (set 'hibernate.transaction.jta.platform' to enable JTA platform integration)
2025-05-04T16:39:28.128+05:30  INFO 13552 --- [currency-service] [restartedMain] [                                                 ] j.LocalContainerEntityManagerFactoryBean : Initialized JPA EntityManagerFactory for persistence unit 'default'
2025-05-04T16:39:28.783+05:30  WARN 13552 --- [currency-service] [restartedMain] [                                                 ] JpaBaseConfiguration$JpaWebConfiguration : spring.jpa.open-in-view is enabled by default. Therefore, database queries may be performed during view rendering. Explicitly configure spring.jpa.open-in-view to disable this warning
2025-05-04T16:39:28.993+05:30  WARN 13552 --- [currency-service] [restartedMain] [                                                 ] o.s.b.d.a.OptionalLiveReloadServer       : Unable to start LiveReload server
2025-05-04T16:39:29.108+05:30  INFO 13552 --- [currency-service] [restartedMain] [                                                 ] o.s.c.openfeign.FeignClientFactoryBean   : For 'currency-exchange' URL not provided. Will try picking an instance via load-balancing.
2025-05-04T16:39:31.636+05:30  INFO 13552 --- [currency-service] [restartedMain] [                                                 ] o.s.b.a.h2.H2ConsoleAutoConfiguration    : H2 console available at '/h2-console'. Database available at 'jdbc:h2:mem:ff9c0a30-d491-4b49-9274-0cd42fd5e4b3'
2025-05-04T16:39:31.888+05:30  INFO 13552 --- [currency-service] [restartedMain] [                                                 ] DiscoveryClientOptionalArgsConfiguration : Eureka HTTP Client uses RestTemplate.
2025-05-04T16:39:32.001+05:30  WARN 13552 --- [currency-service] [restartedMain] [                                                 ] iguration$LoadBalancerCaffeineWarnLogger : Spring Cloud LoadBalancer is currently working with the default cache. While this cache implementation is useful for development and tests, it's recommended to use Caffeine cache in production.You can switch to using Caffeine cache, by adding it and org.springframework.cache.caffeine.CaffeineCacheManager to the classpath.
2025-05-04T16:39:32.055+05:30  INFO 13552 --- [currency-service] [restartedMain] [                                                 ] o.s.b.a.e.web.EndpointLinksResolver      : Exposing 1 endpoint beneath base path '/actuator'
2025-05-04T16:39:32.227+05:30  INFO 13552 --- [currency-service] [restartedMain] [                                                 ] o.s.c.n.eureka.InstanceInfoFactory       : Setting initial instance status as: STARTING
2025-05-04T16:39:32.271+05:30  INFO 13552 --- [currency-service] [restartedMain] [                                                 ] com.netflix.discovery.DiscoveryClient    : Initializing Eureka in region us-east-1
2025-05-04T16:39:32.276+05:30  INFO 13552 --- [currency-service] [restartedMain] [                                                 ] c.n.d.s.r.aws.ConfigClusterResolver      : Resolving eureka endpoints via configuration
2025-05-04T16:39:32.287+05:30  INFO 13552 --- [currency-service] [restartedMain] [                                                 ] com.netflix.discovery.DiscoveryClient    : Disable delta property : false
2025-05-04T16:39:32.287+05:30  INFO 13552 --- [currency-service] [restartedMain] [                                                 ] com.netflix.discovery.DiscoveryClient    : Single vip registry refresh property : null
2025-05-04T16:39:32.287+05:30  INFO 13552 --- [currency-service] [restartedMain] [                                                 ] com.netflix.discovery.DiscoveryClient    : Force full registry fetch : false
2025-05-04T16:39:32.288+05:30  INFO 13552 --- [currency-service] [restartedMain] [                                                 ] com.netflix.discovery.DiscoveryClient    : Application is null : false
2025-05-04T16:39:32.288+05:30  INFO 13552 --- [currency-service] [restartedMain] [                                                 ] com.netflix.discovery.DiscoveryClient    : Registered Applications size is zero : true
2025-05-04T16:39:32.288+05:30  INFO 13552 --- [currency-service] [restartedMain] [                                                 ] com.netflix.discovery.DiscoveryClient    : Application version is -1: true
2025-05-04T16:39:32.288+05:30  INFO 13552 --- [currency-service] [restartedMain] [                                                 ] com.netflix.discovery.DiscoveryClient    : Getting all instance registry info from the eureka server
2025-05-04T16:39:32.730+05:30  INFO 13552 --- [currency-service] [restartedMain] [                                                 ] com.netflix.discovery.DiscoveryClient    : The response status is 200
2025-05-04T16:39:32.733+05:30  INFO 13552 --- [currency-service] [restartedMain] [                                                 ] com.netflix.discovery.DiscoveryClient    : Starting heartbeat executor: renew interval is: 30
2025-05-04T16:39:32.736+05:30  INFO 13552 --- [currency-service] [restartedMain] [                                                 ] c.n.discovery.InstanceInfoReplicator     : InstanceInfoReplicator onDemand update allowed rate per min is 4
2025-05-04T16:39:32.738+05:30  INFO 13552 --- [currency-service] [restartedMain] [                                                 ] com.netflix.discovery.DiscoveryClient    : Discovery Client initialized at timestamp 1746356972738 with initial instances count: 0
2025-05-04T16:39:32.769+05:30  INFO 13552 --- [currency-service] [restartedMain] [                                                 ] o.s.c.n.e.s.EurekaServiceRegistry        : Registering application CURRENCY-SERVICE with eureka with status UP
2025-05-04T16:39:32.770+05:30  INFO 13552 --- [currency-service] [restartedMain] [                                                 ] com.netflix.discovery.DiscoveryClient    : Saw local status change event StatusChangeEvent [timestamp=1746356972770, current=UP, previous=STARTING]
2025-05-04T16:39:32.772+05:30  INFO 13552 --- [currency-service] [DiscoveryClient-InstanceInfoReplicator-%d] [                                                 ] com.netflix.discovery.DiscoveryClient    : DiscoveryClient_CURRENCY-SERVICE/DESKTOP-JO8182T:currency-service:1235: registering service...
2025-05-04T16:39:32.809+05:30  INFO 13552 --- [currency-service] [restartedMain] [                                                 ] o.s.b.w.embedded.tomcat.TomcatWebServer  : Tomcat started on port 1235 (http) with context path '/'
2025-05-04T16:39:32.810+05:30  INFO 13552 --- [currency-service] [restartedMain] [                                                 ] .s.c.n.e.s.EurekaAutoServiceRegistration : Updating port to 1235
2025-05-04T16:39:32.824+05:30  WARN 13552 --- [currency-service] [restartedMain] [                                                 ] ConfigServletWebServerApplicationContext : Exception encountered during context initialization - cancelling refresh attempt: org.springframework.beans.factory.BeanCreationException: Error creating bean with name 'scopedTarget.currencyController': Injection of autowired dependencies failed
2025-05-04T16:39:32.841+05:30  INFO 13552 --- [currency-service] [restartedMain] [                                                 ] j.LocalContainerEntityManagerFactoryBean : Closing JPA EntityManagerFactory for persistence unit 'default'
2025-05-04T16:39:32.854+05:30  WARN 13552 --- [currency-service] [restartedMain] [                                                 ] o.s.b.f.support.DisposableBeanAdapter    : Invocation of destroy method failed on bean with name 'inMemoryDatabaseShutdownExecutor': org.h2.jdbc.JdbcSQLNonTransientConnectionException: Database is already closed (to disable automatic closing at VM shutdown, add ";DB_CLOSE_ON_EXIT=FALSE" to the db URL) [90121-232]
2025-05-04T16:39:32.856+05:30  INFO 13552 --- [currency-service] [restartedMain] [                                                 ] com.zaxxer.hikari.HikariDataSource       : HikariPool-1 - Shutdown initiated...
2025-05-04T16:39:32.859+05:30  INFO 13552 --- [currency-service] [restartedMain] [                                                 ] com.zaxxer.hikari.HikariDataSource       : HikariPool-1 - Shutdown completed.
2025-05-04T16:39:32.996+05:30  INFO 13552 --- [currency-service] [DiscoveryClient-InstanceInfoReplicator-%d] [                                                 ] com.netflix.discovery.DiscoveryClient    : DiscoveryClient_CURRENCY-SERVICE/DESKTOP-JO8182T:currency-service:1235 - registration status: 204
2025-05-04T16:39:33.864+05:30  WARN 13552 --- [currency-service] [restartedMain] [                                                 ] z.r.i.AsyncReporter$BoundedAsyncReporter : Timed out waiting for in-flight spans to send
2025-05-04T16:39:33.866+05:30  INFO 13552 --- [currency-service] [restartedMain] [                                                 ] com.netflix.discovery.DiscoveryClient    : Shutting down DiscoveryClient ...
2025-05-04T16:39:36.869+05:30  INFO 13552 --- [currency-service] [restartedMain] [                                                 ] com.netflix.discovery.DiscoveryClient    : Unregistering ...
2025-05-04T16:39:36.925+05:30  INFO 13552 --- [currency-service] [restartedMain] [                                                 ] com.netflix.discovery.DiscoveryClient    : DiscoveryClient_CURRENCY-SERVICE/DESKTOP-JO8182T:currency-service:1235 - deregister  status: 200
2025-05-04T16:39:36.926+05:30  INFO 13552 --- [currency-service] [restartedMain] [                                                 ] com.netflix.discovery.DiscoveryClient    : Completed shut down of DiscoveryClient
2025-05-04T16:39:36.943+05:30  INFO 13552 --- [currency-service] [restartedMain] [                                                 ] o.apache.catalina.core.StandardService   : Stopping service [Tomcat]
2025-05-04T16:39:36.971+05:30  INFO 13552 --- [currency-service] [restartedMain] [                                                 ] .s.b.a.l.ConditionEvaluationReportLogger : 

Error starting ApplicationContext. To display the condition evaluation report re-run your application with 'debug' enabled.
2025-05-04T16:39:37.006+05:30 ERROR 13552 --- [currency-service] [restartedMain] [                                                 ] o.s.boot.SpringApplication               : Application run failed

org.springframework.beans.factory.BeanCreationException: Error creating bean with name 'scopedTarget.currencyController': Injection of autowired dependencies failed
	at org.springframework.beans.factory.annotation.AutowiredAnnotationBeanPostProcessor.postProcessProperties(AutowiredAnnotationBeanPostProcessor.java:515) ~[spring-beans-6.2.5.jar:6.2.5]
	at org.springframework.beans.factory.support.AbstractAutowireCapableBeanFactory.populateBean(AbstractAutowireCapableBeanFactory.java:1445) ~[spring-beans-6.2.5.jar:6.2.5]
	at org.springframework.beans.factory.support.AbstractAutowireCapableBeanFactory.doCreateBean(AbstractAutowireCapableBeanFactory.java:600) ~[spring-beans-6.2.5.jar:6.2.5]
	at org.springframework.beans.factory.support.AbstractAutowireCapableBeanFactory.createBean(AbstractAutowireCapableBeanFactory.java:523) ~[spring-beans-6.2.5.jar:6.2.5]
	at org.springframework.beans.factory.support.AbstractBeanFactory.lambda$doGetBean$1(AbstractBeanFactory.java:378) ~[spring-beans-6.2.5.jar:6.2.5]
	at org.springframework.cloud.context.scope.GenericScope$BeanLifecycleWrapper.getBean(GenericScope.java:375) ~[spring-cloud-context-4.2.1.jar:4.2.1]
	at org.springframework.cloud.context.scope.GenericScope.get(GenericScope.java:179) ~[spring-cloud-context-4.2.1.jar:4.2.1]
	at org.springframework.beans.factory.support.AbstractBeanFactory.doGetBean(AbstractBeanFactory.java:375) ~[spring-beans-6.2.5.jar:6.2.5]
	at org.springframework.beans.factory.support.AbstractBeanFactory.getBean(AbstractBeanFactory.java:202) ~[spring-beans-6.2.5.jar:6.2.5]
	at org.springframework.context.support.AbstractApplicationContext.getBean(AbstractApplicationContext.java:1272) ~[spring-context-6.2.5.jar:6.2.5]
	at org.springframework.cloud.context.scope.refresh.RefreshScope.eagerlyInitialize(RefreshScope.java:126) ~[spring-cloud-context-4.2.1.jar:4.2.1]
	at org.springframework.cloud.context.scope.refresh.RefreshScope.start(RefreshScope.java:118) ~[spring-cloud-context-4.2.1.jar:4.2.1]
	at org.springframework.cloud.context.scope.refresh.RefreshScope.onApplicationEvent(RefreshScope.java:113) ~[spring-cloud-context-4.2.1.jar:4.2.1]
	at org.springframework.cloud.context.scope.refresh.RefreshScope.onApplicationEvent(RefreshScope.java:68) ~[spring-cloud-context-4.2.1.jar:4.2.1]
	at org.springframework.context.event.SimpleApplicationEventMulticaster.doInvokeListener(SimpleApplicationEventMulticaster.java:185) ~[spring-context-6.2.5.jar:6.2.5]
	at org.springframework.context.event.SimpleApplicationEventMulticaster.invokeListener(SimpleApplicationEventMulticaster.java:178) ~[spring-context-6.2.5.jar:6.2.5]
	at org.springframework.context.event.SimpleApplicationEventMulticaster.multicastEvent(SimpleApplicationEventMulticaster.java:156) ~[spring-context-6.2.5.jar:6.2.5]
	at org.springframework.context.support.AbstractApplicationContext.publishEvent(AbstractApplicationContext.java:454) ~[spring-context-6.2.5.jar:6.2.5]
	at org.springframework.context.support.AbstractApplicationContext.publishEvent(AbstractApplicationContext.java:387) ~[spring-context-6.2.5.jar:6.2.5]
	at org.springframework.context.support.AbstractApplicationContext.finishRefresh(AbstractApplicationContext.java:1009) ~[spring-context-6.2.5.jar:6.2.5]
	at org.springframework.context.support.AbstractApplicationContext.refresh(AbstractApplicationContext.java:630) ~[spring-context-6.2.5.jar:6.2.5]
	at org.springframework.boot.web.servlet.context.ServletWebServerApplicationContext.refresh(ServletWebServerApplicationContext.java:146) ~[spring-boot-3.4.4.jar:3.4.4]
	at org.springframework.boot.SpringApplication.refresh(SpringApplication.java:752) ~[spring-boot-3.4.4.jar:3.4.4]
	at org.springframework.boot.SpringApplication.refreshContext(SpringApplication.java:439) ~[spring-boot-3.4.4.jar:3.4.4]
	at org.springframework.boot.SpringApplication.run(SpringApplication.java:318) ~[spring-boot-3.4.4.jar:3.4.4]
	at org.springframework.boot.SpringApplication.run(SpringApplication.java:1361) ~[spring-boot-3.4.4.jar:3.4.4]
	at org.springframework.boot.SpringApplication.run(SpringApplication.java:1350) ~[spring-boot-3.4.4.jar:3.4.4]
	at com.sathya.currencyservice.CurrencyServiceApplication.main(CurrencyServiceApplication.java:12) ~[classes/:na]
	at java.base/jdk.internal.reflect.DirectMethodHandleAccessor.invoke(DirectMethodHandleAccessor.java:103) ~[na:na]
	at java.base/java.lang.reflect.Method.invoke(Method.java:580) ~[na:na]
	at org.springframework.boot.devtools.restart.RestartLauncher.run(RestartLauncher.java:50) ~[spring-boot-devtools-3.4.4.jar:3.4.4]
Caused by: org.springframework.util.PlaceholderResolutionException: Could not resolve placeholder 'my.custom.property' in value "${my.custom.property}"
	at org.springframework.util.PlaceholderResolutionException.withValue(PlaceholderResolutionException.java:81) ~[spring-core-6.2.5.jar:6.2.5]
	at org.springframework.util.PlaceholderParser$ParsedValue.resolve(PlaceholderParser.java:423) ~[spring-core-6.2.5.jar:6.2.5]
	at org.springframework.util.PlaceholderParser.replacePlaceholders(PlaceholderParser.java:128) ~[spring-core-6.2.5.jar:6.2.5]
	at org.springframework.util.PropertyPlaceholderHelper.parseStringValue(PropertyPlaceholderHelper.java:118) ~[spring-core-6.2.5.jar:6.2.5]
	at org.springframework.util.PropertyPlaceholderHelper.replacePlaceholders(PropertyPlaceholderHelper.java:114) ~[spring-core-6.2.5.jar:6.2.5]
	at org.springframework.core.env.AbstractPropertyResolver.doResolvePlaceholders(AbstractPropertyResolver.java:255) ~[spring-core-6.2.5.jar:6.2.5]
	at org.springframework.core.env.AbstractPropertyResolver.resolveRequiredPlaceholders(AbstractPropertyResolver.java:226) ~[spring-core-6.2.5.jar:6.2.5]
	at org.springframework.context.support.PropertySourcesPlaceholderConfigurer.lambda$processProperties$0(PropertySourcesPlaceholderConfigurer.java:201) ~[spring-context-6.2.5.jar:6.2.5]
	at org.springframework.beans.factory.support.AbstractBeanFactory.resolveEmbeddedValue(AbstractBeanFactory.java:971) ~[spring-beans-6.2.5.jar:6.2.5]
	at org.springframework.beans.factory.support.DefaultListableBeanFactory.doResolveDependency(DefaultListableBeanFactory.java:1577) ~[spring-beans-6.2.5.jar:6.2.5]
	at org.springframework.beans.factory.support.DefaultListableBeanFactory.resolveDependency(DefaultListableBeanFactory.java:1555) ~[spring-beans-6.2.5.jar:6.2.5]
	at org.springframework.beans.factory.annotation.AutowiredAnnotationBeanPostProcessor$AutowiredFieldElement.resolveFieldValue(AutowiredAnnotationBeanPostProcessor.java:785) ~[spring-beans-6.2.5.jar:6.2.5]
	at org.springframework.beans.factory.annotation.AutowiredAnnotationBeanPostProcessor$AutowiredFieldElement.inject(AutowiredAnnotationBeanPostProcessor.java:768) ~[spring-beans-6.2.5.jar:6.2.5]
	at org.springframework.beans.factory.annotation.InjectionMetadata.inject(InjectionMetadata.java:146) ~[spring-beans-6.2.5.jar:6.2.5]
	at org.springframework.beans.factory.annotation.AutowiredAnnotationBeanPostProcessor.postProcessProperties(AutowiredAnnotationBeanPostProcessor.java:509) ~[spring-beans-6.2.5.jar:6.2.5]
	... 30 common frames omitted

2025-05-04T16:39:56.593+05:30  INFO 2972 --- [currency-service] [restartedMain] [                                                 ] c.s.c.CurrencyServiceApplication         : Starting CurrencyServiceApplication using Java 21.0.6 with PID 2972 (D:\springBootMicroServicesExamples\currency-service\target\classes started by HOME in D:\springBootMicroServicesExamples\currency-service)
2025-05-04T16:39:56.599+05:30  INFO 2972 --- [currency-service] [restartedMain] [                                                 ] c.s.c.CurrencyServiceApplication         : The following 1 profile is active: "dev"
2025-05-04T16:39:56.689+05:30  INFO 2972 --- [currency-service] [restartedMain] [                                                 ] o.s.c.c.c.ConfigServerConfigDataLoader   : Fetching config from server at : http://localhost:8888
2025-05-04T16:39:56.690+05:30  INFO 2972 --- [currency-service] [restartedMain] [                                                 ] o.s.c.c.c.ConfigServerConfigDataLoader   : Located environment: name=currency-service, profiles=[default], label=null, version=2d162d4d70909427f8e2f7465952acf8fa8682ed, state=
2025-05-04T16:39:56.691+05:30  INFO 2972 --- [currency-service] [restartedMain] [                                                 ] o.s.c.c.c.ConfigServerConfigDataLoader   : Fetching config from server at : http://localhost:8888
2025-05-04T16:39:56.691+05:30  INFO 2972 --- [currency-service] [restartedMain] [                                                 ] o.s.c.c.c.ConfigServerConfigDataLoader   : Located environment: name=currency-service, profiles=[dev], label=null, version=2d162d4d70909427f8e2f7465952acf8fa8682ed, state=
2025-05-04T16:39:56.695+05:30  INFO 2972 --- [currency-service] [restartedMain] [                                                 ] .e.DevToolsPropertyDefaultsPostProcessor : Devtools property defaults active! Set 'spring.devtools.add-properties' to 'false' to disable
2025-05-04T16:39:56.695+05:30  INFO 2972 --- [currency-service] [restartedMain] [                                                 ] .e.DevToolsPropertyDefaultsPostProcessor : For additional web related logging consider setting the 'logging.level.web' property to 'DEBUG'
2025-05-04T16:39:58.634+05:30  INFO 2972 --- [currency-service] [restartedMain] [                                                 ] .s.d.r.c.RepositoryConfigurationDelegate : Bootstrapping Spring Data JPA repositories in DEFAULT mode.
2025-05-04T16:39:58.873+05:30  INFO 2972 --- [currency-service] [restartedMain] [                                                 ] .s.d.r.c.RepositoryConfigurationDelegate : Finished Spring Data repository scanning in 225 ms. Found 1 JPA repository interface.
2025-05-04T16:39:59.463+05:30  INFO 2972 --- [currency-service] [restartedMain] [                                                 ] o.s.cloud.context.scope.GenericScope     : BeanFactory id=4cfbca1d-e957-3d1f-a24a-aae74fbaa98b
2025-05-04T16:40:01.267+05:30  INFO 2972 --- [currency-service] [restartedMain] [                                                 ] o.s.b.w.embedded.tomcat.TomcatWebServer  : Tomcat initialized with port 1235 (http)
2025-05-04T16:40:01.296+05:30  INFO 2972 --- [currency-service] [restartedMain] [                                                 ] o.apache.catalina.core.StandardService   : Starting service [Tomcat]
2025-05-04T16:40:01.297+05:30  INFO 2972 --- [currency-service] [restartedMain] [                                                 ] o.apache.catalina.core.StandardEngine    : Starting Servlet engine: [Apache Tomcat/10.1.39]
2025-05-04T16:40:01.418+05:30  INFO 2972 --- [currency-service] [restartedMain] [                                                 ] o.a.c.c.C.[Tomcat].[localhost].[/]       : Initializing Spring embedded WebApplicationContext
2025-05-04T16:40:01.419+05:30  INFO 2972 --- [currency-service] [restartedMain] [                                                 ] w.s.c.ServletWebServerApplicationContext : Root WebApplicationContext: initialization completed in 4722 ms
2025-05-04T16:40:03.386+05:30  INFO 2972 --- [currency-service] [restartedMain] [                                                 ] o.hibernate.jpa.internal.util.LogHelper  : HHH000204: Processing PersistenceUnitInfo [name: default]
2025-05-04T16:40:03.513+05:30  INFO 2972 --- [currency-service] [restartedMain] [                                                 ] org.hibernate.Version                    : HHH000412: Hibernate ORM core version 6.6.11.Final
2025-05-04T16:40:03.583+05:30  INFO 2972 --- [currency-service] [restartedMain] [                                                 ] o.h.c.internal.RegionFactoryInitiator    : HHH000026: Second-level cache disabled
2025-05-04T16:40:04.429+05:30  INFO 2972 --- [currency-service] [restartedMain] [                                                 ] o.s.o.j.p.SpringPersistenceUnitInfo      : No LoadTimeWeaver setup: ignoring JPA class transformer
2025-05-04T16:40:04.502+05:30  INFO 2972 --- [currency-service] [restartedMain] [                                                 ] com.zaxxer.hikari.HikariDataSource       : HikariPool-1 - Starting...
2025-05-04T16:40:04.832+05:30  INFO 2972 --- [currency-service] [restartedMain] [                                                 ] com.zaxxer.hikari.pool.HikariPool        : HikariPool-1 - Added connection conn0: url=jdbc:h2:mem:testdb user=NIKHIL
2025-05-04T16:40:04.836+05:30  INFO 2972 --- [currency-service] [restartedMain] [                                                 ] com.zaxxer.hikari.HikariDataSource       : HikariPool-1 - Start completed.
2025-05-04T16:40:04.874+05:30  WARN 2972 --- [currency-service] [restartedMain] [                                                 ] org.hibernate.orm.deprecation            : HHH90000025: H2Dialect does not need to be specified explicitly using 'hibernate.dialect' (remove the property setting and it will be selected by default)
2025-05-04T16:40:04.914+05:30  INFO 2972 --- [currency-service] [restartedMain] [                                                 ] org.hibernate.orm.connections.pooling    : HHH10001005: Database info:
	Database JDBC URL [Connecting through datasource 'HikariDataSource (HikariPool-1)']
	Database driver: undefined/unknown
	Database version: 2.3.232
	Autocommit mode: undefined/unknown
	Isolation level: undefined/unknown
	Minimum pool size: undefined/unknown
	Maximum pool size: undefined/unknown
2025-05-04T16:40:06.312+05:30  INFO 2972 --- [currency-service] [restartedMain] [                                                 ] o.h.e.t.j.p.i.JtaPlatformInitiator       : HHH000489: No JTA platform available (set 'hibernate.transaction.jta.platform' to enable JTA platform integration)
2025-05-04T16:40:06.371+05:30  INFO 2972 --- [currency-service] [restartedMain] [                                                 ] j.LocalContainerEntityManagerFactoryBean : Initialized JPA EntityManagerFactory for persistence unit 'default'
2025-05-04T16:40:07.349+05:30  WARN 2972 --- [currency-service] [restartedMain] [                                                 ] JpaBaseConfiguration$JpaWebConfiguration : spring.jpa.open-in-view is enabled by default. Therefore, database queries may be performed during view rendering. Explicitly configure spring.jpa.open-in-view to disable this warning
2025-05-04T16:40:07.660+05:30  WARN 2972 --- [currency-service] [restartedMain] [                                                 ] o.s.b.d.a.OptionalLiveReloadServer       : Unable to start LiveReload server
2025-05-04T16:40:07.918+05:30  INFO 2972 --- [currency-service] [restartedMain] [                                                 ] o.s.c.openfeign.FeignClientFactoryBean   : For 'currency-exchange' URL not provided. Will try picking an instance via load-balancing.
2025-05-04T16:40:11.620+05:30  INFO 2972 --- [currency-service] [restartedMain] [                                                 ] o.s.b.a.h2.H2ConsoleAutoConfiguration    : H2 console available at '/h2-console'. Database available at 'jdbc:h2:mem:testdb'
2025-05-04T16:40:11.925+05:30  INFO 2972 --- [currency-service] [restartedMain] [                                                 ] DiscoveryClientOptionalArgsConfiguration : Eureka HTTP Client uses RestTemplate.
2025-05-04T16:40:12.086+05:30  WARN 2972 --- [currency-service] [restartedMain] [                                                 ] iguration$LoadBalancerCaffeineWarnLogger : Spring Cloud LoadBalancer is currently working with the default cache. While this cache implementation is useful for development and tests, it's recommended to use Caffeine cache in production.You can switch to using Caffeine cache, by adding it and org.springframework.cache.caffeine.CaffeineCacheManager to the classpath.
2025-05-04T16:40:12.171+05:30  INFO 2972 --- [currency-service] [restartedMain] [                                                 ] o.s.b.a.e.web.EndpointLinksResolver      : Exposing 28 endpoints beneath base path '/actuator'
2025-05-04T16:40:12.417+05:30  INFO 2972 --- [currency-service] [restartedMain] [                                                 ] o.s.c.n.eureka.InstanceInfoFactory       : Setting initial instance status as: STARTING
2025-05-04T16:40:12.494+05:30  INFO 2972 --- [currency-service] [restartedMain] [                                                 ] com.netflix.discovery.DiscoveryClient    : Initializing Eureka in region us-east-1
2025-05-04T16:40:12.505+05:30  INFO 2972 --- [currency-service] [restartedMain] [                                                 ] c.n.d.s.r.aws.ConfigClusterResolver      : Resolving eureka endpoints via configuration
2025-05-04T16:40:12.522+05:30  INFO 2972 --- [currency-service] [restartedMain] [                                                 ] com.netflix.discovery.DiscoveryClient    : Disable delta property : false
2025-05-04T16:40:12.523+05:30  INFO 2972 --- [currency-service] [restartedMain] [                                                 ] com.netflix.discovery.DiscoveryClient    : Single vip registry refresh property : null
2025-05-04T16:40:12.523+05:30  INFO 2972 --- [currency-service] [restartedMain] [                                                 ] com.netflix.discovery.DiscoveryClient    : Force full registry fetch : false
2025-05-04T16:40:12.523+05:30  INFO 2972 --- [currency-service] [restartedMain] [                                                 ] com.netflix.discovery.DiscoveryClient    : Application is null : false
2025-05-04T16:40:12.524+05:30  INFO 2972 --- [currency-service] [restartedMain] [                                                 ] com.netflix.discovery.DiscoveryClient    : Registered Applications size is zero : true
2025-05-04T16:40:12.524+05:30  INFO 2972 --- [currency-service] [restartedMain] [                                                 ] com.netflix.discovery.DiscoveryClient    : Application version is -1: true
2025-05-04T16:40:12.525+05:30  INFO 2972 --- [currency-service] [restartedMain] [                                                 ] com.netflix.discovery.DiscoveryClient    : Getting all instance registry info from the eureka server
2025-05-04T16:40:12.841+05:30  INFO 2972 --- [currency-service] [restartedMain] [                                                 ] com.netflix.discovery.DiscoveryClient    : The response status is 200
2025-05-04T16:40:12.844+05:30  INFO 2972 --- [currency-service] [restartedMain] [                                                 ] com.netflix.discovery.DiscoveryClient    : Starting heartbeat executor: renew interval is: 30
2025-05-04T16:40:12.847+05:30  INFO 2972 --- [currency-service] [restartedMain] [                                                 ] c.n.discovery.InstanceInfoReplicator     : InstanceInfoReplicator onDemand update allowed rate per min is 4
2025-05-04T16:40:12.850+05:30  INFO 2972 --- [currency-service] [restartedMain] [                                                 ] com.netflix.discovery.DiscoveryClient    : Discovery Client initialized at timestamp 1746357012849 with initial instances count: 2
2025-05-04T16:40:12.891+05:30  INFO 2972 --- [currency-service] [restartedMain] [                                                 ] o.s.c.n.e.s.EurekaServiceRegistry        : Registering application CURRENCY-SERVICE with eureka with status UP
2025-05-04T16:40:12.892+05:30  INFO 2972 --- [currency-service] [restartedMain] [                                                 ] com.netflix.discovery.DiscoveryClient    : Saw local status change event StatusChangeEvent [timestamp=1746357012892, current=UP, previous=STARTING]
2025-05-04T16:40:12.895+05:30  INFO 2972 --- [currency-service] [DiscoveryClient-InstanceInfoReplicator-%d] [                                                 ] com.netflix.discovery.DiscoveryClient    : DiscoveryClient_CURRENCY-SERVICE/DESKTOP-JO8182T:currency-service:1235: registering service...
2025-05-04T16:40:12.932+05:30  INFO 2972 --- [currency-service] [restartedMain] [                                                 ] o.s.b.w.embedded.tomcat.TomcatWebServer  : Tomcat started on port 1235 (http) with context path '/'
2025-05-04T16:40:12.940+05:30  INFO 2972 --- [currency-service] [restartedMain] [                                                 ] .s.c.n.e.s.EurekaAutoServiceRegistration : Updating port to 1235
2025-05-04T16:40:12.971+05:30  INFO 2972 --- [currency-service] [DiscoveryClient-InstanceInfoReplicator-%d] [                                                 ] com.netflix.discovery.DiscoveryClient    : DiscoveryClient_CURRENCY-SERVICE/DESKTOP-JO8182T:currency-service:1235 - registration status: 204
2025-05-04T16:40:12.985+05:30  INFO 2972 --- [currency-service] [restartedMain] [                                                 ] c.s.c.CurrencyServiceApplication         : Started CurrencyServiceApplication in 22.288 seconds (process running for 23.682)
2025-05-04T16:40:13.457+05:30  INFO 2972 --- [currency-service] [RMI TCP Connection(7)-127.0.0.1] [                                                 ] o.a.c.c.C.[Tomcat].[localhost].[/]       : Initializing Spring DispatcherServlet 'dispatcherServlet'
2025-05-04T16:40:13.458+05:30  INFO 2972 --- [currency-service] [RMI TCP Connection(7)-127.0.0.1] [                                                 ] o.s.web.servlet.DispatcherServlet        : Initializing Servlet 'dispatcherServlet'
2025-05-04T16:40:13.464+05:30  INFO 2972 --- [currency-service] [RMI TCP Connection(7)-127.0.0.1] [                                                 ] o.s.web.servlet.DispatcherServlet        : Completed initialization in 5 ms
2025-05-04T16:40:13.782+05:30  INFO 2972 --- [currency-service] [registrationTask1] [                                                 ] d.c.b.a.c.r.ApplicationRegistrator       : Application registered itself as 825b8d7d0751
2025-05-04T16:40:13.857+05:30  WARN 2972 --- [currency-service] [AsyncReporter{ZipkinRestTemplateSender{http://localhost:9411/api/v2/spans}}] [                                                 ] z.r.i.AsyncReporter$BoundedAsyncReporter : Spans were dropped due to exceptions. All subsequent errors will be logged at FINE level.
2025-05-04T16:40:13.858+05:30  WARN 2972 --- [currency-service] [AsyncReporter{ZipkinRestTemplateSender{http://localhost:9411/api/v2/spans}}] [                                                 ] z.r.i.AsyncReporter$BoundedAsyncReporter : Dropped 2 spans due to ResourceAccessException(I/O error on POST request for "http://localhost:9411/api/v2/spans": Connect to http://localhost:9411 [localhost/127.0.0.1, localhost/0:0:0:0:0:0:0:1] failed: Connection refused: getsockopt)

org.springframework.web.client.ResourceAccessException: I/O error on POST request for "http://localhost:9411/api/v2/spans": Connect to http://localhost:9411 [localhost/127.0.0.1, localhost/0:0:0:0:0:0:0:1] failed: Connection refused: getsockopt
	at org.springframework.web.client.RestTemplate.createResourceAccessException(RestTemplate.java:926) ~[spring-web-6.2.5.jar:6.2.5]
	at org.springframework.web.client.RestTemplate.doExecute(RestTemplate.java:906) ~[spring-web-6.2.5.jar:6.2.5]
	at org.springframework.web.client.RestTemplate.execute(RestTemplate.java:841) ~[spring-web-6.2.5.jar:6.2.5]
	at org.springframework.web.client.RestTemplate.exchange(RestTemplate.java:702) ~[spring-web-6.2.5.jar:6.2.5]
	at org.springframework.boot.actuate.autoconfigure.tracing.zipkin.ZipkinRestTemplateSender.postSpans(ZipkinRestTemplateSender.java:50) ~[spring-boot-actuator-autoconfigure-3.4.4.jar:3.4.4]
	at org.springframework.boot.actuate.autoconfigure.tracing.zipkin.HttpSender.postSpans(HttpSender.java:69) ~[spring-boot-actuator-autoconfigure-3.4.4.jar:3.4.4]
	at org.springframework.boot.actuate.autoconfigure.tracing.zipkin.HttpSender.postSpans(HttpSender.java:41) ~[spring-boot-actuator-autoconfigure-3.4.4.jar:3.4.4]
	at zipkin2.reporter.BaseHttpSender.send(BaseHttpSender.java:123) ~[zipkin-reporter-3.4.3.jar:na]
	at zipkin2.reporter.internal.AsyncReporter$BoundedAsyncReporter.flush(AsyncReporter.java:266) ~[zipkin-reporter-3.4.3.jar:na]
	at zipkin2.reporter.internal.AsyncReporter$Flusher.run(AsyncReporter.java:352) ~[zipkin-reporter-3.4.3.jar:na]
	at java.base/java.lang.Thread.run(Thread.java:1583) ~[na:na]
Caused by: org.apache.hc.client5.http.HttpHostConnectException: Connect to http://localhost:9411 [localhost/127.0.0.1, localhost/0:0:0:0:0:0:0:1] failed: Connection refused: getsockopt
	at java.base/sun.nio.ch.Net.pollConnect(Native Method) ~[na:na]
	at java.base/sun.nio.ch.Net.pollConnectNow(Net.java:682) ~[na:na]
	at java.base/sun.nio.ch.NioSocketImpl.timedFinishConnect(NioSocketImpl.java:542) ~[na:na]
	at java.base/sun.nio.ch.NioSocketImpl.connect(NioSocketImpl.java:592) ~[na:na]
	at java.base/java.net.SocksSocketImpl.connect(SocksSocketImpl.java:327) ~[na:na]
	at java.base/java.net.Socket.connect(Socket.java:751) ~[na:na]
	at org.apache.hc.client5.http.impl.io.DefaultHttpClientConnectionOperator.connect(DefaultHttpClientConnectionOperator.java:216) ~[httpclient5-5.4.2.jar:5.4.2]
	at org.apache.hc.client5.http.impl.io.PoolingHttpClientConnectionManager.connect(PoolingHttpClientConnectionManager.java:490) ~[httpclient5-5.4.2.jar:5.4.2]
	at org.apache.hc.client5.http.impl.classic.InternalExecRuntime.connectEndpoint(InternalExecRuntime.java:164) ~[httpclient5-5.4.2.jar:5.4.2]
	at org.apache.hc.client5.http.impl.classic.InternalExecRuntime.connectEndpoint(InternalExecRuntime.java:174) ~[httpclient5-5.4.2.jar:5.4.2]
	at org.apache.hc.client5.http.impl.classic.ConnectExec.execute(ConnectExec.java:144) ~[httpclient5-5.4.2.jar:5.4.2]
	at org.apache.hc.client5.http.impl.classic.ExecChainElement.execute(ExecChainElement.java:51) ~[httpclient5-5.4.2.jar:5.4.2]
	at org.apache.hc.client5.http.impl.classic.ProtocolExec.execute(ProtocolExec.java:192) ~[httpclient5-5.4.2.jar:5.4.2]
	at org.apache.hc.client5.http.impl.classic.ExecChainElement.execute(ExecChainElement.java:51) ~[httpclient5-5.4.2.jar:5.4.2]
	at org.apache.hc.client5.http.impl.classic.ContentCompressionExec.execute(ContentCompressionExec.java:150) ~[httpclient5-5.4.2.jar:5.4.2]
	at org.apache.hc.client5.http.impl.classic.ExecChainElement.execute(ExecChainElement.java:51) ~[httpclient5-5.4.2.jar:5.4.2]
	at org.apache.hc.client5.http.impl.classic.HttpRequestRetryExec.execute(HttpRequestRetryExec.java:113) ~[httpclient5-5.4.2.jar:5.4.2]
	at org.apache.hc.client5.http.impl.classic.ExecChainElement.execute(ExecChainElement.java:51) ~[httpclient5-5.4.2.jar:5.4.2]
	at org.apache.hc.client5.http.impl.classic.RedirectExec.execute(RedirectExec.java:110) ~[httpclient5-5.4.2.jar:5.4.2]
	at org.apache.hc.client5.http.impl.classic.ExecChainElement.execute(ExecChainElement.java:51) ~[httpclient5-5.4.2.jar:5.4.2]
	at org.apache.hc.client5.http.impl.classic.InternalHttpClient.doExecute(InternalHttpClient.java:174) ~[httpclient5-5.4.2.jar:5.4.2]
	at org.apache.hc.client5.http.impl.classic.CloseableHttpClient.execute(CloseableHttpClient.java:87) ~[httpclient5-5.4.2.jar:5.4.2]
	at org.apache.hc.client5.http.impl.classic.CloseableHttpClient.execute(CloseableHttpClient.java:55) ~[httpclient5-5.4.2.jar:5.4.2]
	at org.apache.hc.client5.http.classic.HttpClient.executeOpen(HttpClient.java:183) ~[httpclient5-5.4.2.jar:5.4.2]
	at org.springframework.http.client.HttpComponentsClientHttpRequest.executeInternal(HttpComponentsClientHttpRequest.java:99) ~[spring-web-6.2.5.jar:6.2.5]
	at org.springframework.http.client.AbstractStreamingClientHttpRequest.executeInternal(AbstractStreamingClientHttpRequest.java:71) ~[spring-web-6.2.5.jar:6.2.5]
	at org.springframework.http.client.AbstractClientHttpRequest.execute(AbstractClientHttpRequest.java:81) ~[spring-web-6.2.5.jar:6.2.5]
	at org.springframework.web.client.RestTemplate.doExecute(RestTemplate.java:900) ~[spring-web-6.2.5.jar:6.2.5]
	... 9 common frames omitted

2025-05-04T16:41:45.400+05:30  INFO 2972 --- [currency-service] [http-nio-1235-exec-9] [68174b71cb295a13d1bdaf017770f956-d1bdaf017770f956] c.s.c.controller.CurrencyController      : This is Info log CurrencyRequest(fromCurrency=USD, toCurrency=INR, quantity=15)
2025-05-04T16:41:45.418+05:30  WARN 2972 --- [currency-service] [http-nio-1235-exec-9] [68174b71cb295a13d1bdaf017770f956-d1bdaf017770f956] c.s.c.service.CurrencyService            : This data is saved successfullly CurrencyRequest(fromCurrency=USD, toCurrency=INR, quantity=15)
2025-05-04T16:41:46.671+05:30  INFO 2972 --- [currency-service] [http-nio-1235-exec-9] [68174b71cb295a13d1bdaf017770f956-d1bdaf017770f956] c.s.c.controller.CurrencyController      : This is Info Response CurrencyDetails(id=1, fromCurrency=USD, toCurrency=INR, quantity=15, conversionRate=0.0, totalAmount=0.0)
2025-05-04T16:42:39.790+05:30  INFO 2972 --- [currency-service] [http-nio-1235-exec-3] [68174ba77a0b0cf886352b8cf27cc275-86352b8cf27cc275] c.s.c.controller.CurrencyController      : This is Info log CurrencyRequest(fromCurrency=USD, toCurrency=INR, quantity=15)
2025-05-04T16:42:39.791+05:30  WARN 2972 --- [currency-service] [http-nio-1235-exec-3] [68174ba77a0b0cf886352b8cf27cc275-86352b8cf27cc275] c.s.c.service.CurrencyService            : This data is saved successfullly CurrencyRequest(fromCurrency=USD, toCurrency=INR, quantity=15)
2025-05-04T16:42:39.793+05:30  WARN 2972 --- [currency-service] [http-nio-1235-exec-3] [68174ba77a0b0cf886352b8cf27cc275-86352b8cf27cc275] o.s.c.l.core.RoundRobinLoadBalancer      : No servers available for service: currency-exchange
2025-05-04T16:42:39.794+05:30  WARN 2972 --- [currency-service] [http-nio-1235-exec-3] [68174ba77a0b0cf886352b8cf27cc275-86352b8cf27cc275] .s.c.o.l.FeignBlockingLoadBalancerClient : Load balancer does not contain an instance for the service currency-exchange
2025-05-04T16:42:39.807+05:30  WARN 2972 --- [currency-service] [http-nio-1235-exec-3] [68174ba77a0b0cf886352b8cf27cc275-86352b8cf27cc275] c.s.c.service.CurrencyService            : This data is not retrieved CurrencyRequest(fromCurrency=USD, toCurrency=INR, quantity=15)
2025-05-04T16:42:39.807+05:30  INFO 2972 --- [currency-service] [http-nio-1235-exec-3] [68174ba77a0b0cf886352b8cf27cc275-86352b8cf27cc275] c.s.c.controller.CurrencyController      : This is Info Response CurrencyDetails(id=0, fromCurrency=USD, toCurrency=INR, quantity=15, conversionRate=1.0, totalAmount=15.0)
2025-05-04T16:42:48.854+05:30  INFO 2972 --- [currency-service] [http-nio-1235-exec-5] [68174bb00b0c84cd7ac58d6333a6f217-7ac58d6333a6f217] c.s.c.controller.CurrencyController      : This is Info log CurrencyRequest(fromCurrency=USD, toCurrency=INR, quantity=15)
2025-05-04T16:42:48.855+05:30  WARN 2972 --- [currency-service] [http-nio-1235-exec-5] [68174bb00b0c84cd7ac58d6333a6f217-7ac58d6333a6f217] c.s.c.service.CurrencyService            : This data is saved successfullly CurrencyRequest(fromCurrency=USD, toCurrency=INR, quantity=15)
2025-05-04T16:42:49.337+05:30  INFO 2972 --- [currency-service] [http-nio-1235-exec-5] [68174bb00b0c84cd7ac58d6333a6f217-7ac58d6333a6f217] c.s.c.controller.CurrencyController      : This is Info Response CurrencyDetails(id=2, fromCurrency=USD, toCurrency=INR, quantity=15, conversionRate=65.0, totalAmount=975.0)
2025-05-04T16:42:51.568+05:30  INFO 2972 --- [currency-service] [http-nio-1235-exec-6] [68174bb36f7c2cb68330b6d3b819c86a-8330b6d3b819c86a] c.s.c.controller.CurrencyController      : This is Info log CurrencyRequest(fromCurrency=USD, toCurrency=INR, quantity=15)
2025-05-04T16:42:51.569+05:30  WARN 2972 --- [currency-service] [http-nio-1235-exec-6] [68174bb36f7c2cb68330b6d3b819c86a-8330b6d3b819c86a] c.s.c.service.CurrencyService            : This data is saved successfullly CurrencyRequest(fromCurrency=USD, toCurrency=INR, quantity=15)
2025-05-04T16:42:51.588+05:30  INFO 2972 --- [currency-service] [http-nio-1235-exec-6] [68174bb36f7c2cb68330b6d3b819c86a-8330b6d3b819c86a] c.s.c.controller.CurrencyController      : This is Info Response CurrencyDetails(id=3, fromCurrency=USD, toCurrency=INR, quantity=15, conversionRate=65.0, totalAmount=975.0)
2025-05-04T16:45:12.538+05:30  INFO 2972 --- [currency-service] [AsyncResolver-bootstrap-executor-%d] [                                                 ] c.n.d.s.r.aws.ConfigClusterResolver      : Resolving eureka endpoints via configuration
2025-05-04T16:50:12.542+05:30  INFO 2972 --- [currency-service] [AsyncResolver-bootstrap-executor-%d] [                                                 ] c.n.d.s.r.aws.ConfigClusterResolver      : Resolving eureka endpoints via configuration
2025-05-04T16:55:12.555+05:30  INFO 2972 --- [currency-service] [AsyncResolver-bootstrap-executor-%d] [                                                 ] c.n.d.s.r.aws.ConfigClusterResolver      : Resolving eureka endpoints via configuration
2025-05-04T16:56:47.386+05:30  INFO 2972 --- [currency-service] [http-nio-1235-exec-7] [68174ef72c2b8fa580910bd4fc06cc13-80910bd4fc06cc13] c.s.c.controller.CurrencyController      : This is Info log CurrencyRequest(fromCurrency=USD, toCurrency=INR, quantity=15)
2025-05-04T16:56:47.386+05:30  WARN 2972 --- [currency-service] [http-nio-1235-exec-7] [68174ef72c2b8fa580910bd4fc06cc13-80910bd4fc06cc13] c.s.c.service.CurrencyService            : This data is saved successfullly CurrencyRequest(fromCurrency=USD, toCurrency=INR, quantity=15)
2025-05-04T16:56:47.401+05:30  INFO 2972 --- [currency-service] [http-nio-1235-exec-7] [68174ef72c2b8fa580910bd4fc06cc13-80910bd4fc06cc13] c.s.c.controller.CurrencyController      : This is Info Response CurrencyDetails(id=4, fromCurrency=USD, toCurrency=INR, quantity=15, conversionRate=65.0, totalAmount=975.0)
2025-05-04T16:56:48.866+05:30  INFO 2972 --- [currency-service] [http-nio-1235-exec-9] [68174ef87ad1ffde1d813a93d33f07cf-1d813a93d33f07cf] c.s.c.controller.CurrencyController      : This is Info log CurrencyRequest(fromCurrency=USD, toCurrency=INR, quantity=15)
2025-05-04T16:56:48.866+05:30  WARN 2972 --- [currency-service] [http-nio-1235-exec-9] [68174ef87ad1ffde1d813a93d33f07cf-1d813a93d33f07cf] c.s.c.service.CurrencyService            : This data is saved successfullly CurrencyRequest(fromCurrency=USD, toCurrency=INR, quantity=15)
2025-05-04T16:56:48.874+05:30  INFO 2972 --- [currency-service] [http-nio-1235-exec-9] [68174ef87ad1ffde1d813a93d33f07cf-1d813a93d33f07cf] c.s.c.controller.CurrencyController      : This is Info Response CurrencyDetails(id=5, fromCurrency=USD, toCurrency=INR, quantity=15, conversionRate=65.0, totalAmount=975.0)
2025-05-04T16:56:50.125+05:30  INFO 2972 --- [currency-service] [http-nio-1235-exec-10] [68174efaaf5bd61f497e8d33b48634f4-497e8d33b48634f4] c.s.c.controller.CurrencyController      : This is Info log CurrencyRequest(fromCurrency=USD, toCurrency=INR, quantity=15)
2025-05-04T16:56:50.126+05:30  WARN 2972 --- [currency-service] [http-nio-1235-exec-10] [68174efaaf5bd61f497e8d33b48634f4-497e8d33b48634f4] c.s.c.service.CurrencyService            : This data is saved successfullly CurrencyRequest(fromCurrency=USD, toCurrency=INR, quantity=15)
2025-05-04T16:56:50.136+05:30  INFO 2972 --- [currency-service] [http-nio-1235-exec-10] [68174efaaf5bd61f497e8d33b48634f4-497e8d33b48634f4] c.s.c.controller.CurrencyController      : This is Info Response CurrencyDetails(id=6, fromCurrency=USD, toCurrency=INR, quantity=15, conversionRate=65.0, totalAmount=975.0)
2025-05-04T16:56:52.778+05:30  INFO 2972 --- [currency-service] [http-nio-1235-exec-1] [68174efcf80bcc45aa4523b071825712-aa4523b071825712] c.s.c.controller.CurrencyController      : This is Info log CurrencyRequest(fromCurrency=USD, toCurrency=INR, quantity=15)
2025-05-04T16:56:52.779+05:30  WARN 2972 --- [currency-service] [http-nio-1235-exec-1] [68174efcf80bcc45aa4523b071825712-aa4523b071825712] c.s.c.service.CurrencyService            : This data is saved successfullly CurrencyRequest(fromCurrency=USD, toCurrency=INR, quantity=15)
2025-05-04T16:56:52.788+05:30  INFO 2972 --- [currency-service] [http-nio-1235-exec-1] [68174efcf80bcc45aa4523b071825712-aa4523b071825712] c.s.c.controller.CurrencyController      : This is Info Response CurrencyDetails(id=7, fromCurrency=USD, toCurrency=INR, quantity=15, conversionRate=65.0, totalAmount=975.0)
2025-05-04T16:56:54.143+05:30  INFO 2972 --- [currency-service] [http-nio-1235-exec-2] [68174efecd21a2f4d0af41d1db3f1685-d0af41d1db3f1685] c.s.c.controller.CurrencyController      : This is Info log CurrencyRequest(fromCurrency=USD, toCurrency=INR, quantity=15)
2025-05-04T16:56:54.144+05:30  WARN 2972 --- [currency-service] [http-nio-1235-exec-2] [68174efecd21a2f4d0af41d1db3f1685-d0af41d1db3f1685] c.s.c.service.CurrencyService            : This data is saved successfullly CurrencyRequest(fromCurrency=USD, toCurrency=INR, quantity=15)
2025-05-04T16:56:54.154+05:30  INFO 2972 --- [currency-service] [http-nio-1235-exec-2] [68174efecd21a2f4d0af41d1db3f1685-d0af41d1db3f1685] c.s.c.controller.CurrencyController      : This is Info Response CurrencyDetails(id=8, fromCurrency=USD, toCurrency=INR, quantity=15, conversionRate=65.0, totalAmount=975.0)
